C51 COMPILER V9.53.0.0   SW                                                                09/21/2018 19:51:53 PAGE 1   


C51 COMPILER V9.53.0.0, COMPILATION OF MODULE SW
OBJECT MODULE PLACED IN sw.OBJ
COMPILER INVOKED BY: C:\Keil_v5\C51\BIN\C51.EXE sw.c OPTIMIZE(8,SPEED) BROWSE DEBUG OBJECTEXTEND TABS(2)

line level    source

   1          // File Name: switching_led
   2          // Author: R.venkatesan
   3          
   4          
   5          # include <reg51.h>
   6          # include <stdio.h>
   7          sbit led_blink =P1^0 ; // led pin connected on port1^0
   8          sbit switch_led=P1^1; // switch connected on port 1^1
   9          
  10          
  11          void main()
  12          {
  13   1      switch_led=1;   // pullup input pin 
  14   1        
  15   1      while(1)  // while loop for contiue woking on program endless
  16   1      {
  17   2        
  18   2      if(switch_led==1) // check the input occur if is true led on
  19   2      {
  20   3      led_blink=1;
  21   3      }
  22   2      
  23   2      else              // if  is flase led off
  24   2      {
  25   3        led_blink=0;
  26   3      }
  27   2      }
  28   1      }


MODULE INFORMATION:   STATIC OVERLAYABLE
   CODE SIZE        =     13    ----
   CONSTANT SIZE    =   ----    ----
   XDATA SIZE       =   ----    ----
   PDATA SIZE       =   ----    ----
   DATA SIZE        =   ----    ----
   IDATA SIZE       =   ----    ----
   BIT SIZE         =   ----    ----
END OF MODULE INFORMATION.


C51 COMPILATION COMPLETE.  0 WARNING(S),  0 ERROR(S)
